<?xml version="1.0" encoding="UTF-8"?>
<!-- Generated by org.testng.reporters.JUnitReportReporter -->
<testsuite hostname="Apples-MBP.domain.name" failures="0" tests="1" name="com.resrapitest.NumericAssert" time="4.171" errors="0" timestamp="19 Feb 2021 11:27:07 GMT">
  <testcase classname="com.resrapitest.NumericAssert" name="test" time="4.171"/>
</testsuite> <!-- com.resrapitest.NumericAssert -->
