<?xml version="1.0" encoding="UTF-8"?>
<!-- Generated by org.testng.reporters.JUnitReportReporter -->
<testsuite hostname="Apples-MBP.domain.name" failures="0" tests="2" name="com.resrapitest.DeserializationWithGenericsTest" time="9.152" errors="0" timestamp="19 Feb 2021 11:27:07 GMT">
  <testcase classname="com.resrapitest.DeserializationWithGenericsTest" name="test_film" time="4.576"/>
  <testcase classname="com.resrapitest.DeserializationWithGenericsTest" name="test_people" time="4.576"/>
</testsuite> <!-- com.resrapitest.DeserializationWithGenericsTest -->
