<?xml version="1.0" encoding="UTF-8"?>
<!-- Generated by org.testng.reporters.JUnitReportReporter -->
<testsuite hostname="Apples-MBP.domain.name" failures="0" tests="3" name="com.resrapitest.VerifyAssert" time="10.385" errors="0" timestamp="19 Feb 2021 11:27:07 GMT">
  <testcase classname="com.resrapitest.VerifyAssert" name="textAssetThat" time="3.382"/>
  <testcase classname="com.resrapitest.VerifyAssert" name="textAssetThatWithList" time="3.658"/>
  <testcase classname="com.resrapitest.VerifyAssert" name="textAsset" time="3.345"/>
</testsuite> <!-- com.resrapitest.VerifyAssert -->
