<?xml version="1.0" encoding="UTF-8"?>
<!-- Generated by org.testng.reporters.JUnitReportReporter -->
<testsuite hostname="Apples-MBP.domain.name" failures="0" tests="4" name="com.resrapitest.TextAssertion" time="13.373" errors="0" timestamp="19 Feb 2021 11:27:07 GMT">
  <testcase classname="com.resrapitest.TextAssertion" name="textAsset_Two" time="3.371"/>
  <testcase classname="com.resrapitest.TextAssertion" name="textAsset_One" time="3.320"/>
  <testcase classname="com.resrapitest.TextAssertion" name="textAsset" time="3.357"/>
  <testcase classname="com.resrapitest.TextAssertion" name="textAsset_three" time="3.325"/>
</testsuite> <!-- com.resrapitest.TextAssertion -->
